2021-09-04 19:18:05 TRACE :188 Logging - info - Executing ReportTestCaseInfo().......
2021-09-04 19:18:05 TRACE :188 Logging - info - Executing CreateTableLayOut().......
2021-09-04 19:18:05 TRACE :188 Logging - info - Reading test set
2021-09-04 19:18:05 TRACE :188 Logging - info - Executing ReportTestCaseInfo().......
2021-09-04 19:18:05 TRACE :188 Logging - info - Executing CreateTableLayOut().......
2021-09-04 19:18:05 TRACE :188 Logging - info - Executing ReportTestCaseInfo().......
2021-09-04 19:18:45 TRACE :188 Logging - info - ******************************************************************Start of Test*****************************************************************
2021-09-04 19:18:46 TRACE :188 Logging - info - Executing..openApp
2021-09-04 19:19:02 TRACE :188 Logging - info - logging PASSED  in HTML Reports 
2021-09-04 19:19:06 TRACE :188 Logging - info - Executing..selectProductCategory
2021-09-04 19:19:16 TRACE :256 Logging - error - logging FAILED  in HTML Reports 
2021-09-04 19:19:24 TRACE :256 Logging - error - logging FAILED  in HTML Reports 
2021-09-04 19:19:33 TRACE :256 Logging - error - logging FAILED  in HTML Reports 
2021-09-04 19:19:39 TRACE :188 Logging - info - ******************************************************************End of Test*****************************************************************
